<?xml version="1.0" encoding="UTF-8"?>
<!-- Generated by org.testng.reporters.JUnitReportReporter -->
<testsuite hostname="DESKTOP-0U1VA9V" failures="0" tests="1" name="raahulshettyacademy.Tests.SubmitOrderTest" time="11.047" errors="0" timestamp="2025-02-10T02:55:03 IST" skipped="0">
  <testcase classname="raahulshettyacademy.Tests.SubmitOrderTest" name="submitOrder" time="11.047"/>
</testsuite> <!-- raahulshettyacademy.Tests.SubmitOrderTest -->
