<?xml version="1.0" encoding="UTF-8"?>
<!-- Generated by org.testng.reporters.JUnitReportReporter -->
<testsuite hostname="DESKTOP-0U1VA9V" failures="0" tests="2" name="rahulshettyacademy.Tests.ErrorValidationsTest" time="17.978" errors="0" timestamp="2025-06-17T11:28:08 IST" skipped="0">
  <testcase classname="rahulshettyacademy.Tests.ErrorValidationsTest" name="ProductErrorValidation" time="11.100"/>
  <testcase classname="rahulshettyacademy.Tests.ErrorValidationsTest" name="LoginErrorValidation" time="6.878"/>
</testsuite> <!-- rahulshettyacademy.Tests.ErrorValidationsTest -->
