<?xml version="1.0" encoding="UTF-8"?>
<!-- Generated by org.testng.reporters.JUnitReportReporter -->
<testsuite hostname="DESKTOP-0U1VA9V" failures="0" tests="2" name="rahulshettyacademy.Tests.ErrorValidations" time="18.870" errors="0" timestamp="2025-02-10T04:05:26 IST" skipped="0">
  <testcase classname="rahulshettyacademy.Tests.ErrorValidations" name="LoginErrorValidation" time="6.840"/>
  <testcase classname="rahulshettyacademy.Tests.ErrorValidations" name="ProductErrorValidation" time="12.030"/>
</testsuite> <!-- rahulshettyacademy.Tests.ErrorValidations -->
