<?xml version="1.0" encoding="UTF-8"?>
<!-- Generated by org.testng.reporters.JUnitReportReporter -->
<testsuite hostname="DESKTOP-0U1VA9V" failures="0" tests="4" name="rahulshettyacademy.Tests.SubmitOrderTest" time="52.592" errors="0" timestamp="2025-06-17T10:59:21 IST" skipped="0">
  <testcase classname="rahulshettyacademy.Tests.SubmitOrderTest" name="submitOrder" time="13.733"/>
  <testcase classname="rahulshettyacademy.Tests.SubmitOrderTest" name="submitOrder" time="15.848"/>
  <testcase classname="rahulshettyacademy.Tests.SubmitOrderTest" name="OrderHistory" time="6.860"/>
  <testcase classname="rahulshettyacademy.Tests.SubmitOrderTest" name="submitOrder" time="16.151"/>
</testsuite> <!-- rahulshettyacademy.Tests.SubmitOrderTest -->
