<?xml version="1.0" encoding="UTF-8"?>
<!-- Generated by org.testng.reporters.JUnitReportReporter -->
<testsuite hostname="DESKTOP-0U1VA9V" failures="0" tests="2" name="rahulshettyacademy.Tests.ErrorValidationsTest" time="18.804" errors="0" timestamp="2025-06-17T11:30:55 IST" skipped="0">
  <testcase classname="rahulshettyacademy.Tests.ErrorValidationsTest" name="LoginErrorValidation" time="7.123"/>
  <testcase classname="rahulshettyacademy.Tests.ErrorValidationsTest" name="ProductErrorValidation" time="11.681"/>
</testsuite> <!-- rahulshettyacademy.Tests.ErrorValidationsTest -->
